
R version 3.4.1 (2017-06-30) -- "Single Candle"
Copyright (C) 2017 The R Foundation for Statistical Computing
Platform: x86_64-apple-darwin15.6.0 (64-bit)

R is free software and comes with ABSOLUTELY NO WARRANTY.
You are welcome to redistribute it under certain conditions.
Type 'license()' or 'licence()' for distribution details.

  Natural language support but running in an English locale

R is a collaborative project with many contributors.
Type 'contributors()' for more information and
'citation()' on how to cite R or R packages in publications.

Type 'demo()' for some demos, 'help()' for on-line help, or
'help.start()' for an HTML browser interface to help.
Type 'q()' to quit R.

> library(vegan)
Loading required package: permute
Loading required package: lattice
This is vegan 2.4-3
> 
> # read the sample metadata
> md <- read.table("sample_info.xls", header=T, sep='\t', row.names=1, comment.char="")
> dim(md)
[1] 24 10
> head(md)
          BarcodeSequence LinkerPrimerSequence    BarcodeName ProjectName
ConD0R12         CAGTTCAT    CCTACGGGNGGCWGCAG illwhoi341bar1   052517MA1
ConD0R21         CAGTTGCA    CCTACGGGNGGCWGCAG illwhoi341bar2   052517MA1
ConD56R21        CATGCGCA    CCTACGGGNGGCWGCAG illwhoi341bar8   052517MA1
ConD7R21         CATAACAA    CCTACGGGNGGCWGCAG illwhoi341bar3   052517MA1
CX1D56R21        CATGGAAG    CCTACGGGNGGCWGCAG illwhoi341bar9   052517MA1
CX1D7R21         CATAATAG    CCTACGGGNGGCWGCAG illwhoi341bar4   052517MA1
          Description     condition replicate    pesticide day concentration
ConD0R12     ConD0R12  control_day0         1      control   0             0
ConD0R21     ConD0R21  control_day0         2      control   0             0
ConD56R21   ConD56R21 control_day56         2      control  56             0
ConD7R21     ConD7R21  control_day7         2      control   7             0
CX1D56R21   CX1D56R21  chl_X1_day56         2 chlorpyrifos  56            x1
CX1D7R21     CX1D7R21   chl_X1_day7         2 chlorpyrifos   7            x1
> 
> # read the normalized read_sums
> sample_read_sums <- read.table("10.normalize.read_sums.xls", header=T, sep="\t", row.names=1)
> sample_read_sums
      ConD0R12 ConD0R21 ConD56R21 ConD7R21 CX1D56R21 CX1D7R21 CX4D56R21
Zotu1    64673    55226     76922    57390     68222    58450     58795
      CX4D7R21 YX1D56R21 YX1D7R21 YX4D56R21 YX4D7R21 ConD56R12 ConD7R11
Zotu1    51711     66802    71003     60232    62049     58154    53478
      CX1D56R11 CX1D7R11 CX4D56R11 CX4D7R11 DConD0R1 DConD0R2 YX1D56R11
Zotu1     40237    51565     48115    47670    26885    22158     49049
      YX1D7R11 YX4D56R11 YX4D7R11
Zotu1    50098     44115    43745
> dim(sample_read_sums)
[1]  1 24
> 
> # read the persistent taxa list
> best.tax <- read.table("11.best_tax.xls", header=T, sep='\t', row.names=1)
> best.tax$desc <- sprintf("%s : %s (%s, %.2g)", rownames(best.tax), best.tax$best_tax, best.tax$best_tax_level, best.tax$best_tax_confidence)
> 
> # read in the raw data
> raw_otus <- read.table("pesticide_community.xls", header=T, sep='\t', row.names=1)
> raw_otus <- raw_otus[, -which(names(raw_otus) %in% c("domain", "domain_confidence", "phylum", "phylum_confidence", "class", "class_confidence", "order_", "order_confidence", "family", "family_confidence", "genus", "genus_confidence", "species", "species_confidence", "sequence"))]
> head(raw_otus)
       ConD0R12 ConD0R21 ConD56R21 ConD7R21 CX1D56R21 CX1D7R21 CX4D56R21
Zotu8       338      503      3179     3170      2037     3302      2874
Zotu5      1307      828      3035     3224      4438     3821      1386
Zotu3       159      252      1872     2280       707     2316       601
Zotu1      1648     1173      1231     2195       871     1755       805
Zotu7       431      448      1606      591       543     1061       788
Zotu48      710      570      1174      373      2075      284      1132
       CX4D7R21 YX1D56R21 YX1D7R21 YX4D56R21 YX4D7R21 ConD56R12 ConD7R11
Zotu8      5302       837     4524       479     4163      2537     4912
Zotu5      3117      1147     3775       694     1735      4148     3805
Zotu3      2273       369     3119       248     3187      1612     3667
Zotu1      1272       358     2652      1143     1137      2694     1678
Zotu7      1264       940     1402       458      888      2162     2220
Zotu48      202      2076     1407      1547     1332      1047      414
       CX1D56R11 CX1D7R11 CX4D56R11 CX4D7R11 DConD0R1 DConD0R2 YX1D56R11
Zotu8       1960     4254      2030     5025      166      156       933
Zotu5       3443     2704       987     3214      191      108      1064
Zotu3        596     3050       625     3610      127       96       381
Zotu1        230     1275       275      841       98       54       375
Zotu7        756     1975      1879     1620       88       73       879
Zotu48      1232      897       976      586      501      350      1285
       YX1D7R11 YX4D56R11 YX4D7R11
Zotu8      3048      1100     2648
Zotu5      3670       401     2255
Zotu3      2564       455     2065
Zotu1      1191       481     2159
Zotu7      1522       601      985
Zotu48      639       913      330
> dim(raw_otus)
[1] 5350   24
> 
> # create the fractional abundance data
> otus_pcnt <- scale(raw_otus, center=FALSE, scale=t(sample_read_sums))
> head(otus_pcnt)
          ConD0R12    ConD0R21  ConD56R21   ConD7R21   CX1D56R21    CX1D7R21
Zotu8  0.005226292 0.009108029 0.04132758 0.05523610 0.029858403 0.056492729
Zotu5  0.020209361 0.014992938 0.03945555 0.05617703 0.065052329 0.065372113
Zotu3  0.002458522 0.004563068 0.02433634 0.03972818 0.010363226 0.039623610
Zotu1  0.025482040 0.021239996 0.01600322 0.03824708 0.012767143 0.030025663
Zotu7  0.006664296 0.008112121 0.02087829 0.01029796 0.007959309 0.018152267
Zotu48 0.010978306 0.010321226 0.01526221 0.00649939 0.030415409 0.004858854
        CX4D56R21    CX4D7R21   YX1D56R21   YX1D7R21   YX4D56R21   YX4D7R21
Zotu8  0.04888171 0.102531376 0.012529565 0.06371562 0.007952583 0.06709214
Zotu5  0.02357343 0.060277310 0.017170145 0.05316677 0.011522114 0.02796177
Zotu3  0.01022196 0.043955831 0.005523787 0.04392772 0.004117413 0.05136263
Zotu1  0.01369164 0.024598248 0.005359121 0.03735053 0.018976624 0.01832423
Zotu7  0.01340250 0.024443542 0.014071435 0.01974564 0.007603931 0.01431127
Zotu48 0.01925334 0.003906326 0.031076914 0.01981606 0.025684022 0.02146691
        ConD56R12    ConD7R11   CX1D56R11   CX1D7R11   CX4D56R11   CX4D7R11
Zotu8  0.04362555 0.091850855 0.048711385 0.08249782 0.042190585 0.10541221
Zotu5  0.07132785 0.071150754 0.085568010 0.05243867 0.020513353 0.06742186
Zotu3  0.02771950 0.068570253 0.014812237 0.05914865 0.012989712 0.07572897
Zotu1  0.04632527 0.031377389 0.005716132 0.02472607 0.005715473 0.01764212
Zotu7  0.03717715 0.041512398 0.018788677 0.03830117 0.039052271 0.03398364
Zotu48 0.01800392 0.007741501 0.030618585 0.01739552 0.020284734 0.01229285
          DConD0R1    DConD0R2   YX1D56R11   YX1D7R11   YX4D56R11    YX4D7R11
Zotu8  0.006174447 0.007040347 0.019021795 0.06084075 0.024934829 0.060532632
Zotu5  0.007104333 0.004874086 0.021692593 0.07325642 0.009089879 0.051548748
Zotu3  0.004723824 0.004332521 0.007767742 0.05117969 0.010313952 0.047205395
Zotu1  0.003645155 0.002437043 0.007645416 0.02377340 0.010903321 0.049354212
Zotu7  0.003273201 0.003294521 0.017920855 0.03038045 0.013623484 0.022516859
Zotu48 0.018634927 0.015795649 0.026198292 0.01275500 0.020695908 0.007543719
> otus_pcnt <- otus_pcnt[apply(otus_pcnt[,-1], 1, function(x) !all(x==0)),]
> dim(otus_pcnt)
[1] 5257   24
> 
> # read the log normalized data
> log_otus <- read.table("pesticide_community.log_normalized.xls", header=T, sep='\t', row.names=1)
> log_otus <- log_otus[, -which(names(log_otus) %in% c("domain", "domain_confidence", "phylum", "phylum_confidence", "class", "class_confidence", "order_", "order_confidence", "family", "family_confidence", "genus", "genus_confidence", "species", "species_confidence", "sequence"))]
> head(log_otus)
       ConD0R12 ConD0R21 ConD56R21 ConD7R21 CX1D56R21 CX1D7R21 CX4D56R21
Zotu8    8.8881   9.3114   10.9530 11.14428   10.6266 11.18468   10.9772
Zotu5    9.9913   9.7115   10.8855 11.14291   11.4117 11.31969   10.2290
Zotu3    7.9118   8.3680   10.1546 10.55821    9.3094 10.57266    9.1586
Zotu1    9.8977   9.7049    9.6693 10.46613    9.4468 10.22638    9.3713
Zotu7    8.6053   8.7750    9.9362  9.12948    8.9880  9.70239    9.3457
Zotu48   9.0262   8.9613    9.5861  8.66623   10.3057  8.42381    9.6754
       CX4D7R21 YX1D56R21 YX1D7R21 YX4D56R21 YX4D7R21 ConD56R12 ConD7R11
Zotu8   12.0239    9.7114  11.4938    9.2008 11.51111      11.0  12.0744
Zotu5   11.4308    9.9728  11.2833    9.4791 10.58535      12.0  11.7778
Zotu3   10.8835    8.6502  10.8685    8.2852 11.00010      10.0  11.5463
Zotu1   10.2117    8.5460  10.6435    9.5905  9.85561      11.0  10.6377
Zotu7   10.2011    9.4392   9.9647    8.7155  9.60089      11.0  10.9395
Zotu48   8.3977   10.2220   9.9394    9.8638  9.98585       9.9   9.1652
       CX1D56R11 CX1D7R11 CX4D56R11 CX4D7R11 DConD0R1 DConD0R2 YX1D56R11
Zotu8    11.2996  11.8394   10.9936  12.2584  9.12821  9.21917   10.2271
Zotu5    11.8880  11.3345   10.2525  11.7501  9.20817  8.91002   10.3310
Zotu3     9.8212  11.2624    9.5428  11.6899  8.52676  8.44567    9.0797
Zotu1     8.8436  10.2687    8.7069  10.0567  8.23365  7.92262    8.9951
Zotu7    10.0016  10.7343   10.6180  10.7514  8.14262  8.13826    9.8245
Zotu48   10.4909   9.8686    9.8965   9.6516  9.69048  9.50661   10.1909
       YX1D7R11 YX4D56R11 YX4D7R11
Zotu8  11.41360   10.6220 11.30114
Zotu5  11.59452    9.6467 11.11380
Zotu3  11.00297    9.4737 10.80521
Zotu1  10.13151    9.4645 10.80448
Zotu7  10.38654    9.6821  9.96565
Zotu48  9.46062   10.0834  8.85685
> 
> # extract out the persistent OTUs
> log_otus <- log_otus[row.names(best.tax),]
> otus_pcnt <- otus_pcnt[row.names(best.tax),]
> dim(log_otus)
[1] 39 24
> 
> # make the full sample dataframe
> sample_full <- data.frame(t(log_otus), pesticide = md$pesticide, day = md$day, concentration = md$concentration)
> dim(sample_full)
[1] 24 42
> sample_full
             Zotu8    Zotu5    Zotu3    Zotu1    Zotu7   Zotu48   Zotu11
ConD0R12   8.88810  9.99130  7.91180  9.89770  8.60530  9.02620  7.37140
ConD0R21   9.31140  9.71150  8.36800  9.70490  8.77500  8.96130  9.69170
ConD56R21 10.95300 10.88550 10.15460  9.66930  9.93620  9.58610  8.57000
ConD7R21  11.14428 11.14291 10.55821 10.46613  9.12948  8.66623  8.26258
CX1D56R21 10.62660 11.41170  9.30940  9.44680  8.98800 10.30570  9.78490
CX1D7R21  11.18468 11.31969 10.57266 10.22638  9.70239  8.42381  8.42166
CX4D56R21 10.97720 10.22900  9.15860  9.37130  9.34570  9.67540  8.22960
CX4D7R21  12.02390 11.43080 10.88350 10.21170 10.20110  8.39770  8.56770
YX1D56R21  9.71140  9.97280  8.65020  8.54600  9.43920 10.22200  9.44580
YX1D7R21  11.49380 11.28330 10.86850 10.64350  9.96470  9.93940  8.23680
YX4D56R21  9.20080  9.47910  8.28520  9.59050  8.71550  9.86380  9.03780
YX4D7R21  11.51111 10.58535 11.00010  9.85561  9.60089  9.98585  8.13129
ConD56R12 11.00000 12.00000 10.00000 11.00000 11.00000  9.90000  9.30000
ConD7R11  12.07440 11.77780 11.54630 10.63770 10.93950  9.16520  8.91170
CX1D56R11 11.29960 11.88800  9.82120  8.84360 10.00160 10.49090 10.60320
CX1D7R11  11.83940 11.33450 11.26240 10.26870 10.73430  9.86860  8.57410
CX4D56R11 10.99360 10.25250  9.54280  8.70690 10.61800  9.89650  8.36430
CX4D7R11  12.25840 11.75010 11.68990 10.05670 10.75140  9.65160  8.89410
DConD0R1   9.12821  9.20817  8.52676  8.23365  8.14262  9.69048  7.34416
DConD0R2   9.21917  8.91002  8.44567  7.92262  8.13826  9.50661  7.19285
YX1D56R11 10.22710 10.33100  9.07970  8.99510  9.82450 10.19090 10.70460
YX1D7R11  11.41360 11.59452 11.00297 10.13151 10.38654  9.46062  9.02883
YX4D56R11 10.62200  9.64670  9.47370  9.46450  9.68210 10.08340 12.06390
YX4D7R11  11.30114 11.11380 10.80521 10.80448  9.96565  8.85685  8.95427
           Zotu89  Zotu55  Zotu71  Zotu110 Zotu311  Zotu59  Zotu87   Zotu46
ConD0R12  9.11340 8.86850 9.13450  7.59200 8.51820 8.88290 8.64520  6.02150
ConD0R21  8.95170 9.09700 8.95490  8.30880 8.49550 8.59650 8.40900  7.68160
ConD56R21 9.43450 9.08050 9.27670  8.75350 9.10460 8.68610 8.52530  8.48750
ConD7R21  8.81532 9.05956 8.58453  8.33531 8.34701 7.42251 8.48749  7.25533
CX1D56R21 9.32290 9.45900 8.77600  9.13170 9.09830 8.79520 8.74770  8.15450
CX1D7R21  8.19719 8.87667 8.51797  8.36084 8.40562 7.56918 8.12831  7.58165
CX4D56R21 8.69350 9.47730 8.70500  8.96550 8.83060 8.23290 8.82590  7.32720
CX4D7R21  8.20010 8.86480 8.82020  8.63660 8.41210 7.06660 8.16980  7.69120
YX1D56R21 8.96650 9.75020 8.56800  8.98960 8.94830 9.30440 9.47240  9.08570
YX1D7R21  9.70260 9.06980 9.11990  8.91900 9.06300 8.37170 8.26010  8.08390
YX4D56R21 9.16780 9.13800 8.41480  8.31630 8.44350 8.44080 8.94890  7.27310
YX4D7R21  9.90407 8.89078 9.50015  8.96538 9.35662 9.12736 8.46317  7.57262
ConD56R12 9.60000 9.10000 9.40000  9.60000 9.00000 8.00000 8.10000  8.90000
ConD7R11  9.62340 8.88850 9.45850  8.78890 8.94220 8.32610 8.04580  8.29700
CX1D56R11 9.81200 9.39700 9.75090 10.23820 9.47200 8.49840 8.56920  9.49350
CX1D7R11  9.33840 8.87470 9.57790  8.97310 9.02550 8.59610 8.02270  8.25080
CX4D56R11 9.73450 8.99370 9.61870 10.23500 9.23460 9.38530 8.69150  9.10170
CX4D7R11  9.62970 8.88670 9.09050  9.25390 9.04140 8.29720 8.23940  8.76730
DConD0R1  7.91665 7.86508 7.82923  7.92209 8.06621 8.35544 8.04184  6.59301
DConD0R2  8.31025 7.84975 7.92264  7.99654 7.87857 8.54777 7.64873  6.46832
YX1D56R11 9.32560 9.37380 8.45440  9.62650 9.12670 9.46260 9.48050 10.24630
YX1D7R11  9.08582 9.02820 8.56364  9.00962 8.79574 7.91965 8.61993  8.38819
YX4D56R11 9.89560 9.16790 9.31870  9.55990 9.19430 9.78190 8.57360 10.05410
YX4D7R11  8.73851 8.82426 8.96033  8.74823 8.67421 7.68081 8.13105  7.59962
          Zotu146   Zotu60 Zotu142 Zotu346  Zotu66  Zotu93 Zotu423 Zotu222
ConD0R12  8.50710  5.89830 8.26760 8.78290 8.55610 8.27360 8.76200 7.92990
ConD0R21  8.61420  6.18130 8.44580 8.32950 8.10510 8.52440 8.17440 7.92510
ConD56R21 8.69330  7.75910 8.79100 8.69220 8.52780 8.28910 8.64640 9.15860
ConD7R21  8.48343  7.46678 7.25792 8.48320 8.26916 8.32253 8.38024 8.13045
CX1D56R21 8.48720  7.87260 9.26440 7.76640 9.22770 8.36240 7.74580 7.85330
CX1D7R21  8.63378  9.18106 6.66948 8.50219 7.94046 7.94249 8.37352 7.91089
CX4D56R21 8.62290  7.62800 8.47860 7.89100 7.55940 8.58310 7.64370 7.56450
CX4D7R21  8.54580 10.17450 6.55450 8.64080 7.66320 8.11770 8.47140 7.67500
YX1D56R21 9.01170  6.36200 8.43820 7.73600 8.50720 8.76110 7.35720 7.90170
YX1D7R21  8.50930  8.04530 8.38510 8.79920 8.39710 8.17510 8.79520 8.54190
YX4D56R21 8.55510  6.02440 8.53740 8.28400 8.01190 8.63310 8.13000 8.05740
YX4D7R21  8.91674  7.71175 8.74905 8.56668 7.80713 8.11374 8.39800 8.74311
ConD56R12 8.30000  8.40000 7.80000 8.40000 9.30000 8.00000 8.50000 8.60000
ConD7R11  8.31370  9.23510 7.80560 9.12520 8.34320 7.64460 9.12840 8.16200
CX1D56R11 8.50510  8.17780 8.29700 8.12960 8.53610 8.38920 8.01380 8.57590
CX1D7R11  8.67330  9.61690 7.98740 8.57460 8.29900 7.97400 8.59180 8.39130
CX4D56R11 8.32200  7.49580 8.74600 8.18660 6.68710 8.36870 7.98620 7.69310
CX4D7R11  8.54160  9.73220 8.08380 8.68270 8.54730 8.01290 8.66860 8.49100
DConD0R1  7.78363  6.78800 7.36860 7.43799 6.61350 8.09688 7.19325 8.22705
DConD0R2  7.62631  6.79250 7.02242 7.38520 6.61895 7.11130 7.62359 8.67199
YX1D56R11 8.82190  6.91560 8.66050 7.62600 7.90290 8.93570 7.36780 8.49720
YX1D7R11  8.84385  8.24460 7.80588 8.25429 8.58428 8.28224 8.29385 8.74564
YX4D56R11 8.41410  7.74950 9.33920 8.04260 7.67900 8.10060 7.90870 8.06880
YX4D7R11  8.44497  8.65705 7.34751 8.21216 8.35980 7.92267 8.15990 8.17044
          Zotu230  Zotu53 Zotu225 Zotu387 Zotu109  Zotu80  Zotu94  Zotu83
ConD0R12  8.56390 8.01760 8.72040 7.51420 6.13190 5.14690 7.30150 5.30380
ConD0R21  8.27680 7.92910 8.38540 7.29250 8.04430 6.14680 7.61760 6.02350
ConD56R21 8.58490 8.39100 8.22950 8.16760 7.37660 9.91730 6.95520 8.03320
ConD7R21  8.39683 7.08051 7.37880 7.26178 7.11772 6.14897 8.40987 6.73310
CX1D56R21 7.82630 8.69470 8.30230 8.52250 7.41840 7.45680 7.67490 6.84620
CX1D7R21  8.41026 6.90788 7.41501 7.00454 6.36334 6.83736 8.10019 7.29070
CX4D56R21 7.77420 7.92450 8.12400 8.06270 6.91640 7.68120 7.43560 7.04630
CX4D7R21  8.62420 6.67160 7.36380 6.65540 6.76670 7.63070 8.37260 7.73930
YX1D56R21 7.51820 7.97430 8.81840 8.64670 8.07020 6.61070 7.65810 6.90770
YX1D7R21  8.69940 8.45270 7.79600 8.12410 9.33430 6.93820 8.21980 7.64580
YX4D56R21 8.13300 7.92370 7.95760 8.43860 8.22310 6.00670 7.82010 5.79660
YX4D7R21  8.31470 8.73516 8.41698 8.18591 8.69580 6.94169 7.75250 6.81252
ConD56R12 8.30000 8.30000 7.40000 8.30000 7.50000 9.60000 7.10000 8.50000
ConD7R11  8.79190 8.00770 7.93840 7.67070 8.47940 7.05990 8.19000 7.88540
CX1D56R11 7.98180 8.69450 7.78070 8.71330 7.33680 7.73100 7.90750 8.16940
CX1D7R11  8.35760 8.31360 7.86890 8.18530 7.73780 7.32840 7.81100 7.77480
CX4D56R11 7.98100 8.67850 8.54730 8.19990 7.27380 7.34040 7.66510 8.98290
CX4D7R11  8.45360 8.28700 7.61270 8.02900 8.84670 7.39690 8.72850 8.72990
DConD0R1  7.10092 6.74409 8.60093 8.50117 6.07633 6.17602 6.71450 5.59729
DConD0R2  7.40463 6.53779 8.65501 8.44453 6.31767 5.95943 7.05974 5.72617
YX1D56R11 7.68620 8.51240 8.70700 8.73860 7.79870 6.96560 7.58070 8.08000
YX1D7R11  8.07253 7.98095 7.48292 7.90275 8.91022 6.62238 8.73881 7.84910
YX4D56R11 7.92420 9.03520 8.68900 8.69480 8.43630 7.27420 7.81810 7.68450
YX4D7R11  8.02750 7.47655 7.27305 7.39662 7.75016 6.29505 8.47891 6.58514
          Zotu183 Zotu407 Zotu169 Zotu445 Zotu449 Zotu427 Zotu378 Zotu481
ConD0R12  5.40870 7.20440 6.27530 6.33460 7.04820 6.67540 3.12120 5.03850
ConD0R21  5.28120 7.04850 6.12340 6.44230 6.92260 6.29840 3.70660 5.05860
ConD56R21 7.18490 6.82120 7.09040 6.86460 6.88090 8.32130 4.19490 5.47640
ConD7R21  7.71083 6.37449 7.20267 6.14379 6.57203 6.18621 4.08399 5.85866
CX1D56R21 6.58460 7.31510 7.04450 6.79640 6.86130 6.00600 3.73690 5.44920
CX1D7R21  7.80925 6.44843 8.29799 5.69812 6.32775 6.26032 4.43753 7.14151
CX4D56R21 6.88600 7.06690 6.38920 6.23080 6.85660 5.88970 4.12950 5.36810
CX4D7R21  8.72040 6.57310 7.21210 5.78230 6.37950 6.28080 4.59300 8.78830
YX1D56R21 5.65390 7.60040 5.95410 6.27250 7.32290 6.71760 4.45030 4.95390
YX1D7R21  7.69820 6.27110 6.88540 8.11230 6.45470 6.69660 3.62550 5.38890
YX4D56R21 5.57790 7.29250 6.24180 6.48410 6.91570 6.43490 4.53070 4.97610
YX4D7R21  7.90071 7.15288 6.76149 7.10646 6.88114 6.82560 4.38531 5.41352
ConD56R12 7.50000 6.30000 8.00000 7.40000 6.60000 6.10000 5.00000 4.50000
ConD7R11  8.44110 6.80920 8.18430 7.08700 6.92850 6.31130 4.50770 5.59600
CX1D56R11 6.75180 6.63010 7.90590 7.58650 6.78340 6.05020 4.63070 4.94440
CX1D7R11  8.32810 6.41180 8.79880 6.90090 6.72190 6.68890 4.39090 5.69390
CX4D56R11 6.64060 6.94810 7.30120 7.32560 6.82300 6.28910 4.49520 4.27830
CX4D7R11  8.69870 6.67050 8.63370 9.09360 6.59640 6.51160 4.74080 5.22420
DConD0R1  5.47326 9.70679 6.42695 6.04319 8.54743 5.90958 9.28362 4.42657
DConD0R2  5.80497 9.64971 6.38518 6.92357 8.49051 6.07061 9.37023 4.94319
YX1D56R11 6.05330 7.61690 6.96810 6.82160 7.93370 6.48470 5.20210 4.07330
YX1D7R11  7.76398 6.88837 6.84666 6.79179 7.03768 6.69510 5.66074 4.73862
YX4D56R11 6.06470 7.41510 7.13110 7.50600 7.27380 6.01890 4.90240 4.08040
YX4D7R11  7.76183 6.79190 6.61687 6.71381 6.74973 6.30372 5.99048 5.47595
             pesticide day concentration
ConD0R12       control   0             0
ConD0R21       control   0             0
ConD56R21      control  56             0
ConD7R21       control   7             0
CX1D56R21 chlorpyrifos  56            x1
CX1D7R21  chlorpyrifos   7            x1
CX4D56R21 chlorpyrifos  56            x4
CX4D7R21  chlorpyrifos   7            x4
YX1D56R21 cypermethrin  56            x1
YX1D7R21  cypermethrin   7            x1
YX4D56R21 cypermethrin  56            x4
YX4D7R21  cypermethrin   7            x4
ConD56R12      control  56             0
ConD7R11       control   7             0
CX1D56R11 chlorpyrifos  56            x1
CX1D7R11  chlorpyrifos   7            x1
CX4D56R11 chlorpyrifos  56            x4
CX4D7R11  chlorpyrifos   7            x4
DConD0R1       control   0             0
DConD0R2       control   0             0
YX1D56R11 cypermethrin  56            x1
YX1D7R11  cypermethrin   7            x1
YX4D56R11 cypermethrin  56            x4
YX4D7R11  cypermethrin   7            x4
> 
> dim(t(log_otus))
[1] 24 39
> 
> # data preparation done
> 
> #################################################################
> # MDS
> 
> mds <- metaMDS(t(log_otus), maxit=10000, trymax=1000)
Wisconsin double standardization
Run 0 stress 0.1047612 
Run 1 stress 0.104763 
... Procrustes: rmse 0.0003869327  max resid 0.001243725 
... Similar to previous best
Run 2 stress 0.1048298 
... Procrustes: rmse 0.007655509  max resid 0.02468189 
Run 3 stress 0.1321458 
Run 4 stress 0.1284875 
Run 5 stress 0.1047623 
... Procrustes: rmse 0.001430113  max resid 0.004797174 
... Similar to previous best
Run 6 stress 0.1070043 
Run 7 stress 0.1048313 
... Procrustes: rmse 0.007765133  max resid 0.02471939 
Run 8 stress 0.1070044 
Run 9 stress 0.1175741 
Run 10 stress 0.1070044 
Run 11 stress 0.1048285 
... Procrustes: rmse 0.007190798  max resid 0.02447888 
Run 12 stress 0.1070071 
Run 13 stress 0.1070031 
Run 14 stress 0.1175735 
Run 15 stress 0.1454214 
Run 16 stress 0.1048288 
... Procrustes: rmse 0.007555727  max resid 0.02464372 
Run 17 stress 0.1047608 
... New best solution
... Procrustes: rmse 0.0009610627  max resid 0.003242304 
... Similar to previous best
Run 18 stress 0.143004 
Run 19 stress 0.1070053 
Run 20 stress 0.1380148 
*** Solution reached
> mds

Call:
metaMDS(comm = t(log_otus), trymax = 1000, maxit = 10000) 

global Multidimensional Scaling using monoMDS

Data:     wisconsin(t(log_otus)) 
Distance: bray 

Dimensions: 2 
Stress:     0.1047608 
Stress type 1, weak ties
Two convergent solutions found after 20 tries
Scaling: centring, PC rotation, halfchange scaling 
Species: expanded scores based on ‘wisconsin(t(log_otus))’ 

> 
> mds$points
                  MDS1          MDS2
ConD0R12  -0.036803439 -0.0512574890
ConD0R21  -0.018637990 -0.0243523337
ConD56R21  0.009014684  0.0123269252
ConD7R21   0.027669057 -0.0197998640
CX1D56R21 -0.014763961  0.0069627624
CX1D7R21   0.050892753 -0.0156365224
CX4D56R21 -0.007021416 -0.0003804677
CX4D7R21   0.072260057 -0.0125020535
YX1D56R21 -0.038467617 -0.0066962890
YX1D7R21   0.019781963 -0.0009214728
YX4D56R21 -0.025993505 -0.0213816943
YX4D7R21   0.001139006 -0.0066890139
ConD56R12  0.028368000  0.0292449480
ConD7R11   0.040443684 -0.0007762388
CX1D56R11  0.002681291  0.0275337252
CX1D7R11   0.029184149  0.0059114540
CX4D56R11 -0.010894664  0.0309009501
CX4D7R11   0.041584733  0.0140407331
DConD0R1  -0.078382115 -0.0032166014
DConD0R2  -0.079498002  0.0081107637
YX1D56R11 -0.036560544  0.0168058983
YX1D7R11   0.021236025 -0.0062426381
YX4D56R11 -0.026200318  0.0283822454
YX4D7R11   0.028968170 -0.0103677269
attr(,"centre")
[1] TRUE
attr(,"pc")
[1] TRUE
attr(,"halfchange")
[1] TRUE
attr(,"internalscaling")
[1] 23.63246
> x=mds$points[sample_full$pesticide == 'control', 1]
> y=mds$points[sample_full$pesticide == 'control', 2]
> 
> pdf("13.MDS.pdf")#, width=5, height=5)
> 
> plot(mds$points, type = "n")
> points(x, y, cex = 2.0, pch=21, col="black", bg="black")
> points(mds$points[sample_full$pesticide == 'chlorpyrifos' & sample_full$concentration == 'x4', ], cex = 2.0, pch=24, col="black", bg="magenta")
> points(mds$points[sample_full$pesticide == 'chlorpyrifos' & sample_full$concentration == 'x1', ], cex = 2.0, pch=25, col="black", bg="magenta")
> points(mds$points[sample_full$pesticide == 'cypermethrin' & sample_full$concentration == 'x4', ], cex = 2.0, pch=24, col="black", bg="cyan")
> points(mds$points[sample_full$pesticide == 'cypermethrin' & sample_full$concentration == 'x1', ], cex = 2.0, pch=25, col="black", bg="cyan")
> points(mds$points[sample_full$day == 0, ], cex = 1.0, pch=21, col="black", bg="white")
> points(mds$points[sample_full$day == 7, ], cex = 1.0, pch=21, col="black", bg="grey")
> points(mds$points[sample_full$day == 56, ], cex = 1.0, pch=21, col="black", bg="black")
> 
> dev.off()
null device 
          1 
> 
> 
> #################################################################
> # constrainted ordination
> 
> ord <- cca(t(log_otus) ~ pesticide + concentration + day, data = sample_full)
> ord
Call: cca(formula = t(log_otus) ~ pesticide + concentration + day, data
= sample_full)

               Inertia Proportion Rank
Total         0.008399   1.000000     
Constrained   0.002436   0.289991    4
Unconstrained 0.005963   0.710009   19
Inertia is mean squared contingency coefficient 
Some constraints were aliased because they were collinear (redundant)

Eigenvalues for constrained axes:
     CCA1      CCA2      CCA3      CCA4 
0.0013380 0.0007350 0.0002903 0.0000723 

Eigenvalues for unconstrained axes:
      CA1       CA2       CA3       CA4       CA5       CA6       CA7       CA8 
0.0026448 0.0013145 0.0007560 0.0003400 0.0002225 0.0001499 0.0001131 0.0000898 
(Showed only 8 of all 19 unconstrained eigenvalues)

> summary(ord)

Call:
cca(formula = t(log_otus) ~ pesticide + concentration + day,      data = sample_full) 

Partitioning of mean squared contingency coefficient:
               Inertia Proportion
Total         0.008399       1.00
Constrained   0.002436       0.29
Unconstrained 0.005963       0.71

Eigenvalues, and their contribution to the mean squared contingency coefficient 

Importance of components:
                          CCA1     CCA2      CCA3      CCA4      CA1      CA2
Eigenvalue            0.001338 0.000735 0.0002903 7.232e-05 0.002645 0.001315
Proportion Explained  0.159310 0.087510 0.0345600 8.610e-03 0.314890 0.156510
Cumulative Proportion 0.159310 0.246820 0.2813800 2.900e-01 0.604880 0.761390
                           CA3     CA4       CA5       CA6       CA7       CA8
Eigenvalue            0.000756 0.00034 0.0002225 0.0001499 0.0001131 0.0000898
Proportion Explained  0.090010 0.04048 0.0264900 0.0178400 0.0134700 0.0106900
Cumulative Proportion 0.851400 0.89188 0.9183700 0.9362200 0.9496900 0.9603800
                            CA9     CA10      CA11      CA12      CA13
Eigenvalue            0.0000888 5.96e-05 4.862e-05 4.215e-05 3.073e-05
Proportion Explained  0.0105700 7.10e-03 5.790e-03 5.020e-03 3.660e-03
Cumulative Proportion 0.9709500 9.78e-01 9.838e-01 9.889e-01 9.925e-01
                           CA14      CA15      CA16      CA17      CA18
Eigenvalue            0.0000249 1.187e-05 9.654e-06 8.114e-06 5.432e-06
Proportion Explained  0.0029600 1.410e-03 1.150e-03 9.700e-04 6.500e-04
Cumulative Proportion 0.9954800 9.969e-01 9.980e-01 9.990e-01 9.997e-01
                           CA19
Eigenvalue            2.925e-06
Proportion Explained  3.500e-04
Cumulative Proportion 1.000e+00

Accumulated constrained eigenvalues
Importance of components:
                          CCA1     CCA2      CCA3      CCA4
Eigenvalue            0.001338 0.000735 0.0002903 7.232e-05
Proportion Explained  0.549350 0.301760 0.1191900 2.969e-02
Cumulative Proportion 0.549350 0.851120 0.9703100 1.000e+00

Scaling 2 for species and site scores
* Species are scaled proportional to eigenvalues
* Sites are unscaled: weighted dispersion equal on all dimensions


Species scores

              CCA1       CCA2       CCA3       CCA4        CA1       CA2
Zotu8    3.395e-02 -0.0238967 -0.0072967 -0.0058277  0.0347489  0.031297
Zotu5    2.143e-02 -0.0145314  0.0098812  0.0202439  0.0380346  0.017008
Zotu3    5.266e-02 -0.0069895 -0.0207090  0.0023853  0.0460286  0.046044
Zotu1    2.782e-02  0.0239952 -0.0060193 -0.0025950  0.0493668 -0.004076
Zotu7    7.465e-03 -0.0146516  0.0001451 -0.0029064  0.0319775  0.025212
Zotu48  -3.159e-02 -0.0027039  0.0002375  0.0051380 -0.0396687 -0.015500
Zotu11  -6.095e-02 -0.0194999 -0.0172841  0.0014965  0.0005895 -0.011811
Zotu89  -1.801e-02  0.0061035 -0.0010822 -0.0067611  0.0059716 -0.021872
Zotu55  -1.885e-02 -0.0060453  0.0002868  0.0023331  0.0014269 -0.029446
Zotu71   3.772e-03 -0.0001772  0.0112170 -0.0097122  0.0128342 -0.019231
Zotu110 -2.521e-02 -0.0281766  0.0014007 -0.0062232 -0.0079538  0.006289
Zotu311 -1.243e-02 -0.0057180 -0.0009160 -0.0014091 -0.0030738 -0.014885
Zotu59  -3.453e-02  0.0124921 -0.0015894 -0.0042716 -0.0461503 -0.043139
Zotu87  -2.723e-02  0.0027232 -0.0056947  0.0006264 -0.0221319 -0.036361
Zotu46  -6.441e-02 -0.0367211 -0.0134550  0.0094466  0.0092943  0.020762
Zotu146 -1.394e-03  0.0044962 -0.0086172  0.0036327 -0.0031690 -0.025304
Zotu60   7.543e-02 -0.0494333  0.0002761 -0.0021083  0.0439354  0.073392
Zotu142 -4.974e-02 -0.0008588 -0.0014022 -0.0126756 -0.0167842 -0.056728
Zotu346  2.546e-02  0.0198974  0.0068899 -0.0054902  0.0225357 -0.019576
Zotu66  -1.206e-02  0.0092936  0.0068056  0.0276379  0.0367916 -0.022916
Zotu93  -1.685e-02  0.0028031 -0.0002007  0.0003766 -0.0173641 -0.035774
Zotu423  3.011e-02  0.0240215  0.0100585 -0.0028313  0.0249537 -0.014840
Zotu222 -7.741e-05  0.0312976  0.0027986  0.0111556 -0.0194099  0.006915
Zotu230  2.294e-02  0.0174206  0.0081102 -0.0034317  0.0229906 -0.019882
Zotu53  -3.846e-02 -0.0106217 -0.0062639 -0.0045307  0.0070110 -0.037143
Zotu225 -1.598e-02  0.0251619  0.0111399 -0.0028352 -0.0595164 -0.043388
Zotu387 -3.997e-02  0.0060714  0.0028950  0.0051781 -0.0555448 -0.009171
Zotu109 -1.634e-02  0.0175789 -0.0629586 -0.0022328  0.0294670 -0.010046
Zotu80  -4.586e-02 -0.0319957  0.0605317 -0.0149357  0.0379178  0.056918
Zotu94   3.163e-02 -0.0014950 -0.0294332 -0.0009548  0.0106141 -0.006432
Zotu83  -1.577e-02 -0.0550585  0.0110874 -0.0022734  0.0425665  0.052426
Zotu183  7.866e-02 -0.0257020 -0.0141093 -0.0061347  0.0742699  0.067661
Zotu407  1.864e-03  0.0556674  0.0164461 -0.0043831 -0.1367575 -0.007687
Zotu169  3.950e-02 -0.0311013  0.0307376  0.0159663  0.0235432  0.034370
Zotu445 -2.045e-04  0.0007481 -0.0068900 -0.0128301 -0.0036763  0.004358
Zotu449 -7.467e-03  0.0465597  0.0107276  0.0060810 -0.0932607 -0.005557
Zotu427 -5.915e-03  0.0292712  0.0022970  0.0063520  0.0053475 -0.017007
Zotu378  4.585e-02  0.1091463  0.0131318 -0.0055908 -0.2637208  0.153108
Zotu481  1.094e-01 -0.0292869  0.0104404 -0.0028493  0.0416663  0.005942


Site scores (weighted averages of species scores)

               CCA1     CCA2    CCA3     CCA4     CA1      CA2
ConD0R12  -0.435651  1.89845  0.7839  1.24222  0.1626 -2.95860
ConD0R21  -1.136274  0.97971 -1.0085 -0.04613  0.2054 -2.20025
ConD56R21 -0.466750 -0.57838  2.3261 -0.90027  1.0702  0.64571
ConD7R21   1.269784 -0.32091 -0.7241  2.06760  1.1507 -0.05445
CX1D56R21 -0.905080 -0.73556  0.2552  1.51689 -0.3115 -0.93432
CX1D7R21   2.113062 -1.34322  0.9614  2.30605  0.2848  0.34085
CX4D56R21 -0.299820 -0.48208  0.8203 -1.90130 -0.3746 -0.56005
CX4D7R21   2.864342 -1.99170  0.7893 -0.43731  0.6237  0.84207
YX1D56R21 -1.830166  0.65279 -0.8243  1.48908 -0.5031 -0.61057
YX1D7R21   0.346790 -0.75361 -1.9285 -0.71956  0.9677 -0.17534
YX4D56R21 -1.097527  1.65148 -1.1083  0.12581 -0.3661 -0.99075
YX4D7R21   0.210510  0.17922 -1.2069 -2.06902  0.2850 -0.44517
ConD56R12 -0.248774 -1.31711  1.9606  0.87448  1.2620  1.68170
ConD7R11   1.289231 -1.02440 -0.6972  0.04989  1.3208  0.75174
CX1D56R11 -0.889188 -1.50158  0.4190  1.29256 -0.2405  0.15376
CX1D7R11   1.067869 -1.44055  0.1659  0.71312  0.2045  0.08248
CX4D56R11 -1.045733 -1.03773  0.4825 -3.62222 -0.4890 -0.29436
CX4D7R11   1.011092 -1.58976 -1.1487 -0.29106  0.2917  0.34403
DConD0R1   0.007363  4.80415  2.6964 -0.95385 -2.8794  0.83018
DConD0R2   0.428731  4.90438  2.3936 -1.84513 -2.8016  1.03919
YX1D56R11 -2.057574  0.17783 -0.5071  1.10785 -0.6120  0.24734
YX1D7R11   0.461552  0.07035 -1.9142  1.66595  0.1946  0.87340
YX4D56R11 -1.973743 -0.29464 -1.2291 -2.15303 -0.2105  0.06758
YX4D7R11   1.286997  0.36874 -1.3085  0.47928  0.2051  0.98083


Site constraints (linear combinations of constraining variables)

             CCA1     CCA2      CCA3    CCA4     CA1      CA2
ConD0R12   0.7025  1.23000  0.706117  0.1781  0.1626 -2.95860
ConD0R21   0.7025  1.23000  0.706117  0.1781  0.2054 -2.20025
ConD56R21 -1.3435  0.68231  1.549165 -0.1783  1.0702  0.64571
ConD7R21   0.4467  1.16154  0.811498  0.1336  1.1507 -0.05445
CX1D56R21 -0.5780 -1.61013  0.734319  0.9948 -0.3115 -0.93432
CX1D7R21   1.2122 -1.13090 -0.003348  1.3066  0.2848  0.34085
CX4D56R21 -0.2532 -1.41321  0.664086 -1.4104 -0.3746 -0.56005
CX4D7R21   1.5371 -0.93398 -0.073580 -1.0986  0.6237  0.84207
YX1D56R21 -1.6434 -0.09723 -0.849896  1.0161 -0.5031 -0.61057
YX1D7R21   0.1469  0.38200 -1.587563  1.3279  0.9677 -0.17534
YX4D56R21 -1.3185  0.09969 -0.920128 -1.3891 -0.3661 -0.99075
YX4D7R21   0.4718  0.57892 -1.657795 -1.0773  0.2850 -0.44517
ConD56R12 -1.3435  0.68231  1.549165 -0.1783  1.2620  1.68170
ConD7R11   0.4467  1.16154  0.811498  0.1336  1.3208  0.75174
CX1D56R11 -0.5780 -1.61013  0.734319  0.9948 -0.2405  0.15376
CX1D7R11   1.2122 -1.13090 -0.003348  1.3066  0.2045  0.08248
CX4D56R11 -0.2532 -1.41321  0.664086 -1.4104 -0.4890 -0.29436
CX4D7R11   1.5371 -0.93398 -0.073580 -1.0986  0.2917  0.34403
DConD0R1   0.7025  1.23000  0.706117  0.1781 -2.8794  0.83018
DConD0R2   0.7025  1.23000  0.706117  0.1781 -2.8016  1.03919
YX1D56R11 -1.6434 -0.09723 -0.849896  1.0161 -0.6120  0.24734
YX1D7R11   0.1469  0.38200 -1.587563  1.3279  0.1946  0.87340
YX4D56R11 -1.3185  0.09969 -0.920128 -1.3891 -0.2105  0.06758
YX4D7R11   0.4718  0.57892 -1.657795 -1.0773  0.2051  0.98083


Biplot scores for constraining variables

                          CCA1    CCA2    CCA3     CCA4 CA1 CA2
pesticidecontrol       0.06648  0.7423  0.6649  0.05034   0   0
pesticidecypermethrin -0.41208  0.1725 -0.8945 -0.01542   0   0
concentrationx1       -0.15299 -0.4392 -0.3054  0.83093   0   0
day                   -0.87113 -0.4324  0.1707 -0.15806   0   0


Centroids for factor constraints

                          CCA1    CCA2    CCA3     CCA4 CA1 CA2
pesticidechlorpyrifos  0.48398 -1.2710  0.3285 -0.04828   0   0
pesticidecontrol       0.09561  1.0675  0.9562  0.07239   0   0
pesticidecypermethrin -0.57898  0.2423 -1.2569 -0.02166   0   0
concentrationx1       -0.21388 -0.6140 -0.4269  1.16160   0   0
concentrationx4        0.12288 -0.4175 -0.4980 -1.24194   0   0

> anova(ord)
Permutation test for cca under reduced model
Permutation: free
Number of permutations: 999

Model: cca(formula = t(log_otus) ~ pesticide + concentration + day, data = sample_full)
         Df ChiSquare      F Pr(>F)  
Model     4 0.0024357 1.9401  0.013 *
Residual 19 0.0059634                
---
Signif. codes:  0 ‘***’ 0.001 ‘**’ 0.01 ‘*’ 0.05 ‘.’ 0.1 ‘ ’ 1
> anova(ord, by="term")
Permutation test for cca under reduced model
Terms added sequentially (first to last)
Permutation: free
Number of permutations: 999

Model: cca(formula = t(log_otus) ~ pesticide + concentration + day, data = sample_full)
              Df ChiSquare      F Pr(>F)   
pesticide      2 0.0012008 1.9129  0.042 * 
concentration  1 0.0001009 0.3213  0.962   
day            1 0.0011340 3.6130  0.004 **
Residual      19 0.0059634                 
---
Signif. codes:  0 ‘***’ 0.001 ‘**’ 0.01 ‘*’ 0.05 ‘.’ 0.1 ‘ ’ 1
> anova(ord, by="mar")
Permutation test for cca under reduced model
Marginal effects of terms
Permutation: free
Number of permutations: 999

Model: cca(formula = t(log_otus) ~ pesticide + concentration + day, data = sample_full)
              Df ChiSquare      F Pr(>F)   
pesticide      1 0.0006622 2.1099  0.055 . 
concentration  1 0.0000993 0.3165  0.952   
day            1 0.0011340 3.6130  0.004 **
Residual      19 0.0059634                 
---
Signif. codes:  0 ‘***’ 0.001 ‘**’ 0.01 ‘*’ 0.05 ‘.’ 0.1 ‘ ’ 1
> anova(ord, by="axis")
Permutation test for cca under reduced model
Marginal tests for axes
Permutation: free
Number of permutations: 999

Model: cca(formula = t(log_otus) ~ pesticide + concentration + day, data = sample_full)
         Df ChiSquare      F Pr(>F)   
CCA1      1 0.0013380 4.2631  0.003 **
CCA2      1 0.0007350 2.3418  0.045 * 
CCA3      1 0.0002903 0.9250  0.466   
CCA4      1 0.0000723 0.2304  0.982   
Residual 19 0.0059634                 
---
Signif. codes:  0 ‘***’ 0.001 ‘**’ 0.01 ‘*’ 0.05 ‘.’ 0.1 ‘ ’ 1
> plot(ord)
> 
> ord_c_d <- cca(t(log_otus) ~ pesticide + concentration + Condition(day), data = sample_full)
> anova(ord_c_d)
Permutation test for cca under reduced model
Permutation: free
Number of permutations: 999

Model: cca(formula = t(log_otus) ~ pesticide + concentration + Condition(day), data = sample_full)
         Df ChiSquare      F Pr(>F)
Model     3 0.0012726 1.3515  0.175
Residual 19 0.0059634              
> anova(ord_c_d, by="term")
Permutation test for cca under reduced model
Terms added sequentially (first to last)
Permutation: free
Number of permutations: 999

Model: cca(formula = t(log_otus) ~ pesticide + concentration + Condition(day), data = sample_full)
              Df ChiSquare      F Pr(>F)  
pesticide      2 0.0011732 1.8690  0.048 *
concentration  1 0.0000993 0.3165  0.936  
Residual      19 0.0059634                
---
Signif. codes:  0 ‘***’ 0.001 ‘**’ 0.01 ‘*’ 0.05 ‘.’ 0.1 ‘ ’ 1
> anova(ord_c_d, by="mar")
Permutation test for cca under reduced model
Marginal effects of terms
Permutation: free
Number of permutations: 999

Model: cca(formula = t(log_otus) ~ pesticide + concentration + Condition(day), data = sample_full)
              Df ChiSquare      F Pr(>F)  
pesticide      1 0.0006622 2.1099  0.068 .
concentration  1 0.0000993 0.3165  0.937  
Residual      19 0.0059634                
---
Signif. codes:  0 ‘***’ 0.001 ‘**’ 0.01 ‘*’ 0.05 ‘.’ 0.1 ‘ ’ 1
> anova(ord_c_d, by="axis")
Permutation test for cca under reduced model
Marginal tests for axes
Permutation: free
Number of permutations: 999

Model: cca(formula = t(log_otus) ~ pesticide + concentration + Condition(day), data = sample_full)
         Df ChiSquare      F Pr(>F)  
CCA1      1 0.0008594 2.7383  0.033 *
CCA2      1 0.0003171 1.0102  0.493  
CCA3      1 0.0000960 0.3060  0.959  
Residual 19 0.0059634                
---
Signif. codes:  0 ‘***’ 0.001 ‘**’ 0.01 ‘*’ 0.05 ‘.’ 0.1 ‘ ’ 1
> 
> ord_c_c <- cca(t(log_otus) ~ pesticide + Condition(concentration) + day, data = sample_full)
> anova(ord_c_c)
Permutation test for cca under reduced model
Permutation: free
Number of permutations: 999

Model: cca(formula = t(log_otus) ~ pesticide + Condition(concentration) + day, data = sample_full)
         Df ChiSquare      F Pr(>F)   
Model     2 0.0017952 2.8599  0.002 **
Residual 19 0.0059634                 
---
Signif. codes:  0 ‘***’ 0.001 ‘**’ 0.01 ‘*’ 0.05 ‘.’ 0.1 ‘ ’ 1
> anova(ord_c_c, by="term")
Permutation test for cca under reduced model
Terms added sequentially (first to last)
Permutation: free
Number of permutations: 999

Model: cca(formula = t(log_otus) ~ pesticide + Condition(concentration) + day, data = sample_full)
          Df ChiSquare      F Pr(>F)   
pesticide  1 0.0006612 2.1068  0.063 . 
day        1 0.0011340 3.6130  0.004 **
Residual  19 0.0059634                 
---
Signif. codes:  0 ‘***’ 0.001 ‘**’ 0.01 ‘*’ 0.05 ‘.’ 0.1 ‘ ’ 1
> anova(ord_c_c, by="mar")
Permutation test for cca under reduced model
Marginal effects of terms
Permutation: free
Number of permutations: 999

Model: cca(formula = t(log_otus) ~ pesticide + Condition(concentration) + day, data = sample_full)
          Df ChiSquare      F Pr(>F)   
pesticide  1 0.0006622 2.1099  0.063 . 
day        1 0.0011340 3.6130  0.004 **
Residual  19 0.0059634                 
---
Signif. codes:  0 ‘***’ 0.001 ‘**’ 0.01 ‘*’ 0.05 ‘.’ 0.1 ‘ ’ 1
> 
